OMP: Info #276: omp_set_nested routine deprecated, please use omp_set_max_active_levels instead.

Scratch directory: /tmp/
   => Libint2 <=

    Primary   basis highest AM E, G, H:  6, 6, 3
    Auxiliary basis highest AM E, G, H:  7, 7, 4
    Onebody   basis highest AM E, G, H:  -, -, -
    Solid Harmonics ordering:            Gaussian

*** tstart() called on CHEM9QDFT72ALT
*** at Mon Sep  8 18:52:47 2025

   => Loading Basis Set <=

    Name: 6-311G**
    Role: ORBITAL
    Keyword: BASIS
    atoms 1 entry LI         line    56 file /Users/jfoley19/miniconda3/envs/psi4_new/share/psi4/basis/6-311gss.gbs 
    atoms 2 entry H          line    32 file /Users/jfoley19/miniconda3/envs/psi4_new/share/psi4/basis/6-311gss.gbs 


         ---------------------------------------------------------
                                   SCF
               by Justin Turney, Rob Parrish, Andy Simmonett
                          and Daniel G. A. Smith
                              RHF Reference
                        1 Threads,    500 MiB Core
         ---------------------------------------------------------

  ==> Geometry <==

    Molecular point group: c1
    Full point group: C_inf_v

    Geometry (in Angstrom), charge = 0, multiplicity = 1:

       Center              X                  Y                   Z               Mass       
    ------------   -----------------  -----------------  -----------------  -----------------
         LI           0.000000000000     0.000000000000    -0.216038897413     7.016003436600
         H            0.000000000000     0.000000000000     1.503961102587     1.007825032230

  Running in c1 symmetry.

  Rotational constants: A = ************  B =      6.46616  C =      6.46616 [cm^-1]
  Rotational constants: A = ************  B = 193850.53646  C = 193850.53646 [MHz]
  Nuclear repulsion =    0.922983506982558

  Charge       = 0
  Multiplicity = 1
  Electrons    = 4
  Nalpha       = 2
  Nbeta        = 2

  ==> Algorithm <==

  SCF Algorithm Type is PK.
  DIIS enabled.
  MOM disabled.
  Fractional occupation disabled.
  Guess Type is SAD.
  Energy threshold   = 1.00e-12
  Density threshold  = 1.00e-12
  Integral threshold = 1.00e-12

  ==> Primary Basis <==

  Basis Set: 6-311G**
    Blend: 6-311G**
    Number of shells: 12
    Number of basis functions: 24
    Number of Cartesian functions: 25
    Spherical Harmonics?: true
    Max angular momentum: 2

  ==> Integral Setup <==

  Using in-core PK algorithm.
   Calculation information:
      Number of atoms:                   2
      Number of AO shells:              12
      Number of primitives:             23
      Number of atomic orbitals:        25
      Number of basis functions:        24

      Integral cutoff                 1.00e-12
      Number of threads:                 1

  Performing in-core PK
  Using 90300 doubles for integral storage.
  We computed 3081 shell quartets total.
  Whereas there are 3081 unique shell quartets.

  ==> DiskJK: Disk-Based J/K Matrices <==

    J tasked:                  Yes
    K tasked:                  Yes
    wK tasked:                  No
    Memory [MiB]:              375
    Schwarz Cutoff:          1E-12

    OpenMP threads:              1

  Minimum eigenvalue in the overlap matrix is 4.1160898669E-02.
  Reciprocal condition number of the overlap matrix is 1.1141818745E-02.
    Using symmetric orthogonalization.

  ==> Pre-Iterations <==

  SCF Guess: Superposition of Atomic Densities via on-the-fly atomic UHF (no occupation information).

   -------------------------
    Irrep   Nso     Nmo    
   -------------------------
     A         24      24 
   -------------------------
    Total      24      24
   -------------------------

  ==> Iterations <==

                        Total Energy        Delta E     RMS |[F,P]|

   @RHF iter SAD:    -7.70079810196289   -7.70080e+00   0.00000e+00 
   @RHF iter   1:    -7.96997309866670   -2.69175e-01   4.30298e-03 DIIS/ADIIS
   @RHF iter   2:    -7.98378585030205   -1.38128e-02   6.20873e-04 DIIS/ADIIS
   @RHF iter   3:    -7.98434906819816   -5.63218e-04   1.69755e-04 DIIS/ADIIS
   @RHF iter   4:    -7.98441243990628   -6.33717e-05   4.65122e-05 DIIS
   @RHF iter   5:    -7.98441894921507   -6.50931e-06   6.88938e-06 DIIS
   @RHF iter   6:    -7.98441907179663   -1.22582e-07   5.77072e-07 DIIS
   @RHF iter   7:    -7.98441907277665   -9.80025e-10   3.27213e-08 DIIS
   @RHF iter   8:    -7.98441907277827   -1.61293e-12   3.93793e-09 DIIS
   @RHF iter   9:    -7.98441907277831   -3.73035e-14   5.52357e-10 DIIS
   @RHF iter  10:    -7.98441907277831   -2.66454e-15   8.49676e-11 DIIS
   @RHF iter  11:    -7.98441907277831   -5.32907e-15   8.89870e-12 DIIS
   @RHF iter  12:    -7.98441907277831    6.21725e-15   1.23433e-12 DIIS
   @RHF iter  13:    -7.98441907277831    0.00000e+00   8.96925e-14 DIIS
  Energy and wave function converged.


  ==> Post-Iterations <==

    Orbital Energies [Eh]
    ---------------------

    Doubly Occupied:                                                      

       1A     -2.458585     2A     -0.294662  

    Virtual:                                                              

       3A     -0.003262     4A      0.040745     5A      0.040745  
       6A      0.091344     7A      0.113544     8A      0.147882  
       9A      0.147882    10A      0.225155    11A      0.523753  
      12A      0.561667    13A      0.561667    14A      0.575283  
      15A      0.575283    16A      0.587619    17A      0.587619  
      18A      0.596620    19A      0.807236    20A      1.822412  
      21A      1.822412    22A      2.096843    23A      2.886538  
      24A      3.970159  

    Final Occupation by Irrep:
              A 
    DOCC [     2 ]
    NA   [     2 ]
    NB   [     2 ]

  @RHF Final Energy:    -7.98441907277831

   => Energetics <=

    Nuclear Repulsion Energy =              0.9229835069825580
    One-Electron Energy =                 -12.3083104006651123
    Two-Electron Energy =                   3.4009078209042478
    Total Energy =                         -7.9844190727783069

Computation Completed


Properties will be evaluated at   0.000000,   0.000000,   0.000000 [a0]

Properties computed using the SCF density matrix


 Multipole Moments:

 ------------------------------------------------------------------------------------
     Multipole            Electronic (a.u.)      Nuclear  (a.u.)        Total (a.u.)
 ------------------------------------------------------------------------------------

 L = 1.  Multiply by 2.5417464519 to convert [e a0] to [Debye]
 Dipole X            :          0.0000000            0.0000000            0.0000000
 Dipole Y            :          0.0000000            0.0000000            0.0000000
 Dipole Z            :         -4.0920637            1.6173115           -2.4747522
 Magnitude           :                                                    2.4747522

 ------------------------------------------------------------------------------------

*** tstop() called on CHEM9QDFT72ALT at Mon Sep  8 18:52:47 2025
Module time:
	user time   =       0.05 seconds =       0.00 minutes
	system time =       0.04 seconds =       0.00 minutes
	total time  =          0 seconds =       0.00 minutes
Total time:
	user time   =       0.05 seconds =       0.00 minutes
	system time =       0.04 seconds =       0.00 minutes
	total time  =          0 seconds =       0.00 minutes
   => Loading Basis Set <=

    Name: 6-311G**
    Role: ORBITAL
    Keyword: BASIS
    atoms 1 entry LI         line    56 file /Users/jfoley19/miniconda3/envs/psi4_new/share/psi4/basis/6-311gss.gbs 
    atoms 2 entry H          line    32 file /Users/jfoley19/miniconda3/envs/psi4_new/share/psi4/basis/6-311gss.gbs 

get_graph took 0.000010 seconds to execute 
weight [0.125 0.125 0.125 0.125 0.125 0.125 0.125 0.125]

Start SCF iterations:

Canonical RHF One-electron energy = -12.3083104006631956
CQED-RHF One-electron energy      = -12.2267174912132255
Nuclear repulsion energy          = 0.9229835069825580
1/2 <d_e>^2                       = 0.0837249267602501
1/2 d_N^2                         = 0.0130784831123653
 Completed QED-RHF in 0.0894780158996582 seconds
 Completed 1HSO Build in 0.00021886825561523438 seconds
number of MO 24
 Completed ERI Build in 0.015259027481079102 seconds 
336.984375
336.984375
mem_gkl 0.00439453125
mem_twoeint 2.53125
mem_d_cmo 0.00439453125
 Completed 2D build in 0.0003600120544433594 seconds
mem_D+T 2.42578125
 Completed determinant list in 2.5935559272766113 seconds 
memory required for sigma and CI vectors 10228.7109375
buil_H_diag took 1.161967 seconds to execute 
single_replacement_list took 0.006604 seconds to execute 

ITERATION   1 subspace size  64
build sigma took 1.938994 seconds to execute 
  ROOT      RESIDUAL NORM        EIGENVALUE      CONVERGENCE
   0       0.458000429230      -7.969412232099      false
   1       0.452440397664      -7.860447117346      false
   2       0.420929255694      -7.851634177934      false
   3       0.439417129499      -7.808793697051      false
   4       0.419598850620      -7.799222217755      false
   5       0.420384152179      -7.798590101483      false
   6       0.433744960366      -7.765508639289      false
   7       0.433707728604      -7.765494341805      false
unconverged roots
   0   1   2   3   4   5   6   7


ITERATION   2 subspace size  72
build sigma took 2.165148 seconds to execute 
  ROOT      RESIDUAL NORM        EIGENVALUE      CONVERGENCE
   0       0.085261382836      -8.015657053098      false
   1       0.129115387981      -7.913192049066      false
   2       0.129373196388      -7.901749774312      false
   3       0.159278237754      -7.870542677737      false
   4       0.137395356142      -7.851553466598      false
   5       0.135010645808      -7.851305468571      false
   6       0.156154687591      -7.837185592270      false
   7       0.156051980011      -7.837181786159      false
unconverged roots
   0   1   2   3   4   5   6   7


ITERATION   3 subspace size  80
build sigma took 2.482048 seconds to execute 
  ROOT      RESIDUAL NORM        EIGENVALUE      CONVERGENCE
   0       0.023144015090      -8.017482532592      false
   1       0.041087308667      -7.918122410793      false
   2       0.041472412757      -7.906667874560      false
   3       0.052777996366      -7.877571014747      false
   4       0.042389321725      -7.857187444130      false
   5       0.045991048672      -7.857136005695      false
   6       0.046085565937      -7.843997844236      false
   7       0.046079100795      -7.843989113211      false
unconverged roots
   0   1   2   3   4   5   6   7


ITERATION   4 subspace size  88
build sigma took 2.754497 seconds to execute 
  ROOT      RESIDUAL NORM        EIGENVALUE      CONVERGENCE
   0       0.008358897536      -8.017652140378      false
   1       0.016328506982      -7.918656840136      false
   2       0.016198396141      -7.907151046591      false
   3       0.020680130306      -7.878417002763      false
   4       0.011562375447      -7.857628144137      false
   5       0.011677233857      -7.857627887223      false
   6       0.012330573961      -7.844506770546      false
   7       0.012567886029      -7.844505319255      false
unconverged roots
   0   1   2   3   4   5   6   7


ITERATION   5 subspace size  96
build sigma took 2.967271 seconds to execute 
  ROOT      RESIDUAL NORM        EIGENVALUE      CONVERGENCE
   0       0.003004431105      -8.017673113135      false
   1       0.007715652725      -7.918755959760      false
   2       0.007536904692      -7.907236754020      false
   3       0.010418337449      -7.878575042731      false
   4       0.003991603827      -7.857668899737      false
   5       0.004052920189      -7.857668648654      false
   6       0.004558714267      -7.844552676815      false
   7       0.004595976415      -7.844552662134      false
unconverged roots
   0   1   2   3   4   5   6   7


ITERATION   6 subspace size 104
build sigma took 3.211237 seconds to execute 
  ROOT      RESIDUAL NORM        EIGENVALUE      CONVERGENCE
   0       0.001129672597      -8.017675668788      false
   1       0.003203739081      -7.918775334233      false
   2       0.002738755767      -7.907254226795      false
   3       0.004818205335      -7.878612861343      false
   4       0.001442952624      -7.857673714332      false
   5       0.001461541497      -7.857673706673      false
   6       0.001735152062      -7.844558528391      false
   7       0.001752388671      -7.844558515022      false
unconverged roots
   0   1   2   3   4   5   6   7


ITERATION   7 subspace size 112
build sigma took 3.468877 seconds to execute 
  ROOT      RESIDUAL NORM        EIGENVALUE      CONVERGENCE
   0       0.000367522718      -8.017675985604      false
   1       0.001263548003      -7.918778258741      false
   2       0.001134615948      -7.907256702591      false
   3       0.002141584108      -7.878619271673      false
   4       0.000551598313      -7.857674387496      false
   5       0.000558133159      -7.857674384745      false
   6       0.000596572980      -7.844559358159      false
   7       0.000595997908      -7.844559357706      false
unconverged roots
   0   1   2   3   4   5   6   7


ITERATION   8 subspace size 120
build sigma took 3.775384 seconds to execute 
  ROOT      RESIDUAL NORM        EIGENVALUE      CONVERGENCE
   0       0.000128390484      -8.017676019323      false
   1       0.000620426138      -7.918778816700      false
   2       0.000540446063      -7.907257207744      false
   3       0.000953020677      -7.878620705563      false
   4       0.000222872116      -7.857674501841      false
   5       0.000225712583      -7.857674501497      false
   6       0.000201199344      -7.844559463394      false
   7       0.000202236979      -7.844559463363      false
unconverged roots
   0   1   2   3   4   5   6   7


ITERATION   9 subspace size 128
build sigma took 3.951416 seconds to execute 
  ROOT      RESIDUAL NORM        EIGENVALUE      CONVERGENCE
   0       0.000043110982      -8.017676023726      false
   1       0.000271566581      -7.918778938058      false
   2       0.000226310526      -7.907257301457      false
   3       0.000455048052      -7.878621009455      false
   4       0.000089944962      -7.857674519145      false
   5       0.000089685472      -7.857674519082      false
   6       0.000075966208      -7.844559476251      false
   7       0.000076140626      -7.844559476235      false
unconverged roots
   0   1   2   3   4   5   6   7


ITERATION  10 subspace size 136
build sigma took 3.506340 seconds to execute 
  ROOT      RESIDUAL NORM        EIGENVALUE      CONVERGENCE
   0       0.000015797777      -8.017676024260      false
   1       0.000114308663      -7.918778960118      false
   2       0.000101970256      -7.907257319857      false
   3       0.000202501814      -7.878621077785      false
   4       0.000039992049      -7.857674522420      false
   5       0.000040297619      -7.857674522420      false
   6       0.000031625335      -7.844559478364      false
   7       0.000032041718      -7.844559478361      false
unconverged roots
   0   1   2   3   4   5   6   7


ITERATION  11 subspace size 144
build sigma took 4.501777 seconds to execute 
  ROOT      RESIDUAL NORM        EIGENVALUE      CONVERGENCE
   0       0.000005670956      -8.017676024334      true
   1       0.000043659342      -7.918778963937      false
   2       0.000042796817      -7.907257323582      false
   3       0.000097012717      -7.878621092422      false
   4       0.000014795425      -7.857674522963      false
   5       0.000014772263      -7.857674522962      false
   6       0.000011676422      -7.844559478700      false
   7       0.000011706425      -7.844559478699      false
unconverged roots
   1   2   3   4   5   6   7


ITERATION  12 subspace size 151
build sigma took 4.615352 seconds to execute 
  ROOT      RESIDUAL NORM        EIGENVALUE      CONVERGENCE
   0       0.000005088841      -8.017676024335      true
   1       0.000017398864      -7.918778964507      false
   2       0.000017987064      -7.907257324274      false
   3       0.000041213284      -7.878621095359      false
   4       0.000005811354      -7.857674523043      true
   5       0.000005893183      -7.857674523043      true
   6       0.000004432040      -7.844559478746      true
   7       0.000004438799      -7.844559478746      true
unconverged roots
   1   2   3


ITERATION  13 subspace size 154
build sigma took 4.770966 seconds to execute 
  ROOT      RESIDUAL NORM        EIGENVALUE      CONVERGENCE
   0       0.000004874193      -8.017676024336      true
   1       0.000006952292      -7.918778964610      true
   2       0.000006871055      -7.907257324394      true
   3       0.000016554974      -7.878621095931      false
   4       0.000005811354      -7.857674523043      true
   5       0.000005893183      -7.857674523043      true
   6       0.000004432042      -7.844559478746      true
   7       0.000004438797      -7.844559478746      true
unconverged roots
   3


ITERATION  14 subspace size 155
build sigma took 3.929899 seconds to execute 
  ROOT      RESIDUAL NORM        EIGENVALUE      CONVERGENCE
   0       0.000004877504      -8.017676024336      true
   1       0.000005238870      -7.918778964617      true
   2       0.000006871055      -7.907257324394      true
   3       0.000005935558      -7.878621096018      true
   4       0.000005811360      -7.857674523043      true
   5       0.000005893178      -7.857674523043      true
   6       0.000004432050      -7.844559478746      true
   7       0.000004438789      -7.844559478746      true
converged
Complete Davidson in 72.599082 seconds
378.96875

ACTIVE PART OF DETERMINANTS THAT HAVE THE MOST IMPORTANT CONTRIBUTIONS
state 0 energy = -8.017676024336206 <S^2>= [[1.56036049e-15]]	singlet 1
        amplitude       position          most important determinants              number of photon
      0.872260140514       000 alpha [0, 1]    beta [0, 1]    0 photon excitation ranke 0
     -0.410358334464     76176 alpha [0, 1]    beta [0, 1]    1 photon excitation ranke 0
      0.161077069900    152352 alpha [0, 1]    beta [0, 1]    2 photon excitation ranke 0
     -0.055404315310    228528 alpha [0, 1]    beta [0, 1]    3 photon excitation ranke 0
     -0.049520140489      2216 alpha [0, 9]    beta [0, 9]    0 photon excitation ranke 0
      0.039145967141     76452 alpha [0, 2]    beta [0, 1]    1 photon excitation ranke 0
      0.039145967141     76177 alpha [0, 1]    beta [0, 2]    1 photon excitation ranke 0
     -0.033835515736      2493 alpha [0, 10]    beta [0, 10]    0 photon excitation ranke 0
      0.032799766126       008 alpha [0, 1]    beta [0, 9]    0 photon excitation ranke 0
      0.032799766126      2208 alpha [0, 9]    beta [0, 1]    0 photon excitation ranke 0
     -0.031273631233      4700 alpha [0, 18]    beta [0, 9]    0 photon excitation ranke 0
state 1 energy = -7.918778964616576 <S^2>= [[1.67821474e-15]]	singlet 2
        amplitude       position          most important determinants              number of photon
      0.601763189151     76176 alpha [0, 1]    beta [0, 1]    1 photon excitation ranke 0
     -0.375765782984    152352 alpha [0, 1]    beta [0, 1]    2 photon excitation ranke 0
      0.321860829996       000 alpha [0, 1]    beta [0, 1]    0 photon excitation ranke 0
      0.296262971466       001 alpha [0, 1]    beta [0, 2]    0 photon excitation ranke 0
      0.296262971466       276 alpha [0, 2]    beta [0, 1]    0 photon excitation ranke 0
      0.186783859527    228528 alpha [0, 1]    beta [0, 1]    3 photon excitation ranke 0
      0.141296076009      1380 alpha [0, 6]    beta [0, 1]    0 photon excitation ranke 0
      0.141296076009       005 alpha [0, 1]    beta [0, 6]    0 photon excitation ranke 0
      0.112331065060     76177 alpha [0, 1]    beta [0, 2]    1 photon excitation ranke 0
      0.112331065060     76452 alpha [0, 2]    beta [0, 1]    1 photon excitation ranke 0
      0.091016374750       008 alpha [0, 1]    beta [0, 9]    0 photon excitation ranke 0
state 2 energy = -7.907257324393937 <S^2>= [[2.]]	triplet 1
        amplitude       position          most important determinants              number of photon
     -0.545209896622       001 alpha [0, 1]    beta [0, 2]    0 photon excitation ranke 0
      0.545209896622       276 alpha [0, 2]    beta [0, 1]    0 photon excitation ranke 0
      0.209262505683      1104 alpha [0, 5]    beta [0, 1]    0 photon excitation ranke 0
     -0.209262505683       004 alpha [0, 1]    beta [0, 5]    0 photon excitation ranke 0
     -0.205408405469     76177 alpha [0, 1]    beta [0, 2]    1 photon excitation ranke 0
      0.205408405469     76452 alpha [0, 2]    beta [0, 1]    1 photon excitation ranke 0
      0.199936029611      1380 alpha [0, 6]    beta [0, 1]    0 photon excitation ranke 0
     -0.199936029611       005 alpha [0, 1]    beta [0, 6]    0 photon excitation ranke 0
      0.157516114060      2208 alpha [0, 9]    beta [0, 1]    0 photon excitation ranke 0
     -0.157516114060       008 alpha [0, 1]    beta [0, 9]    0 photon excitation ranke 0
     -0.085721037341    152353 alpha [0, 1]    beta [0, 2]    2 photon excitation ranke 0
state 3 energy = -7.878621096018109 <S^2>= [[4.03027168e-15]]	singlet 3
        amplitude       position          most important determinants              number of photon
     -0.428323558730       276 alpha [0, 2]    beta [0, 1]    0 photon excitation ranke 0
     -0.428323558730       001 alpha [0, 1]    beta [0, 2]    0 photon excitation ranke 0
     -0.391816809016    152352 alpha [0, 1]    beta [0, 1]    2 photon excitation ranke 0
      0.254094460900       000 alpha [0, 1]    beta [0, 1]    0 photon excitation ranke 0
     -0.234818882589     76177 alpha [0, 1]    beta [0, 2]    1 photon excitation ranke 0
     -0.234818882589     76452 alpha [0, 2]    beta [0, 1]    1 photon excitation ranke 0
      0.230849201604     76176 alpha [0, 1]    beta [0, 1]    1 photon excitation ranke 0
      0.201127608505    228528 alpha [0, 1]    beta [0, 1]    3 photon excitation ranke 0
     -0.153395494558      1380 alpha [0, 6]    beta [0, 1]    0 photon excitation ranke 0
     -0.153395494558       005 alpha [0, 1]    beta [0, 6]    0 photon excitation ranke 0
     -0.116231273429      1104 alpha [0, 5]    beta [0, 1]    0 photon excitation ranke 0
state 4 energy = -7.857674523042889 <S^2>= [[2.]]	triplet 2
        amplitude       position          most important determinants              number of photon
     -0.523386740150       828 alpha [0, 4]    beta [0, 1]    0 photon excitation ranke 0
      0.523386706788       003 alpha [0, 1]    beta [0, 4]    0 photon excitation ranke 0
     -0.420400859405       007 alpha [0, 1]    beta [0, 8]    0 photon excitation ranke 0
      0.420400829519      1932 alpha [0, 8]    beta [0, 1]    0 photon excitation ranke 0
     -0.084634491206       015 alpha [0, 1]    beta [0, 16]    0 photon excitation ranke 0
      0.084634473431      4140 alpha [0, 16]    beta [0, 1]    0 photon excitation ranke 0
     -0.080675293980      1107 alpha [0, 5]    beta [0, 4]    0 photon excitation ranke 0
      0.080675292278       832 alpha [0, 4]    beta [0, 5]    0 photon excitation ranke 0
     -0.065774478949       844 alpha [0, 4]    beta [0, 17]    0 photon excitation ranke 0
      0.065774454807      4419 alpha [0, 17]    beta [0, 4]    0 photon excitation ranke 0
      0.062552454604       836 alpha [0, 4]    beta [0, 9]    0 photon excitation ranke 0
state 5 energy = -7.857674523042668 <S^2>= [[2.]]	triplet 3
        amplitude       position          most important determinants              number of photon
      0.523386736702       002 alpha [0, 1]    beta [0, 3]    0 photon excitation ranke 0
     -0.523386736700       552 alpha [0, 3]    beta [0, 1]    0 photon excitation ranke 0
      0.420400836973       006 alpha [0, 1]    beta [0, 7]    0 photon excitation ranke 0
     -0.420400836970      1656 alpha [0, 7]    beta [0, 1]    0 photon excitation ranke 0
      0.084634470520       014 alpha [0, 1]    beta [0, 15]    0 photon excitation ranke 0
     -0.084634470518      3864 alpha [0, 15]    beta [0, 1]    0 photon excitation ranke 0
      0.080675291387       556 alpha [0, 3]    beta [0, 5]    0 photon excitation ranke 0
     -0.080675291387      1106 alpha [0, 5]    beta [0, 3]    0 photon excitation ranke 0
      0.065774478674      4418 alpha [0, 17]    beta [0, 3]    0 photon excitation ranke 0
     -0.065774478673       568 alpha [0, 3]    beta [0, 17]    0 photon excitation ranke 0
     -0.062552450098      2210 alpha [0, 9]    beta [0, 3]    0 photon excitation ranke 0
state 6 energy = -7.8445594787458 <S^2>= [[3.46500649e-13]]	singlet 4
        amplitude       position          most important determinants              number of photon
     -0.534264051438       003 alpha [0, 1]    beta [0, 4]    0 photon excitation ranke 0
     -0.534264025961       828 alpha [0, 4]    beta [0, 1]    0 photon excitation ranke 0
      0.392790249855      1932 alpha [0, 8]    beta [0, 1]    0 photon excitation ranke 0
      0.392790203812       007 alpha [0, 1]    beta [0, 8]    0 photon excitation ranke 0
      0.092943465207      1107 alpha [0, 5]    beta [0, 4]    0 photon excitation ranke 0
      0.092943425300       832 alpha [0, 4]    beta [0, 5]    0 photon excitation ranke 0
      0.078996937665      2211 alpha [0, 9]    beta [0, 4]    0 photon excitation ranke 0
      0.078996934574       836 alpha [0, 4]    beta [0, 9]    0 photon excitation ranke 0
     -0.073348263985      4419 alpha [0, 17]    beta [0, 4]    0 photon excitation ranke 0
     -0.073348256593       844 alpha [0, 4]    beta [0, 17]    0 photon excitation ranke 0
     -0.071808428343      1940 alpha [0, 8]    beta [0, 9]    0 photon excitation ranke 0
state 7 energy = -7.844559478745701 <S^2>= [[1.60376955e-15]]	singlet 5
        amplitude       position          most important determinants              number of photon
      0.534264038159       552 alpha [0, 3]    beta [0, 1]    0 photon excitation ranke 0
      0.534264038151       002 alpha [0, 1]    beta [0, 3]    0 photon excitation ranke 0
      0.392790234176      1656 alpha [0, 7]    beta [0, 1]    0 photon excitation ranke 0
      0.392790234157       006 alpha [0, 1]    beta [0, 7]    0 photon excitation ranke 0
     -0.092943440175       556 alpha [0, 3]    beta [0, 5]    0 photon excitation ranke 0
     -0.092943440162      1106 alpha [0, 5]    beta [0, 3]    0 photon excitation ranke 0
     -0.078996952833       560 alpha [0, 3]    beta [0, 9]    0 photon excitation ranke 0
     -0.078996952832      2210 alpha [0, 9]    beta [0, 3]    0 photon excitation ranke 0
      0.073348256905       568 alpha [0, 3]    beta [0, 17]    0 photon excitation ranke 0
      0.073348256902      4418 alpha [0, 17]    beta [0, 3]    0 photon excitation ranke 0
     -0.071808429490      1664 alpha [0, 7]    beta [0, 9]    0 photon excitation ranke 0
 GOING TO COMPUTE 1-E PROPERTIES!
                      dipole x             dipole y             dipole z      
   0 ->    0      -0.000000000000       0.000000000000      -3.992589613014
   0 ->    1       0.000000000000      -0.000000000000       0.761186371472
   0 ->    2      -0.000000000000      -0.000000000000       0.000000000000
   0 ->    3      -0.000000000000       0.000000000000      -0.368270435134
   0 ->    4       0.000000000449      -0.000000129125       0.000000000000
   0 ->    5       0.000000000004      -0.000000001077       0.000000000000
   0 ->    6       0.054335657195      -1.299826263454       0.000000000000
   0 ->    7       1.299826297829       0.054335655998       0.000000000000
   1 ->    1      -0.000000000000       0.000000000000      -2.469672941163
   1 ->    2      -0.000000000000       0.000000000000       0.000000000000
   1 ->    3      -0.000000000000       0.000000000000      -2.226748880240
   1 ->    4      -0.000000000331       0.000000095124      -0.000000000000
   1 ->    5      -0.000000000003       0.000000000793      -0.000000000000
   1 ->    6       0.054681705727      -1.308104676208      -0.000000000000
   1 ->    7       1.308104514423       0.054681711363      -0.000000000000
   2 ->    2      -0.000000000000      -0.000000000000       0.032531032451
   2 ->    3       0.000000000000      -0.000000000000      -0.000000000000
   2 ->    4       0.022628473663      -1.914795746649      -0.000000000000
   2 ->    5      -1.914795805418      -0.022628473378      -0.000000000000
   2 ->    6      -0.000000000573       0.000000164659      -0.000000000000
   2 ->    7       0.000000000022      -0.000000006310      -0.000000000000
   3 ->    3      -0.000000000000      -0.000000000000      -1.263096641624
   3 ->    4       0.000000000375      -0.000000107902       0.000000000000
   3 ->    5       0.000000000003      -0.000000000900      -0.000000000000
   3 ->    6      -0.034389165597       0.822663089170       0.000000000000
   3 ->    7      -0.822663139236      -0.034389163853       0.000000000000
   4 ->    4      -0.000000000000       0.000000000000      -1.565301666015
   4 ->    5       0.000000000000       0.000000000000      -0.000000001948
   4 ->    6      -0.000000000000      -0.000000000000      -0.000000056709
   4 ->    7      -0.000000000000      -0.000000000000       0.000000002173
   5 ->    5       0.000000000000       0.000000000000      -1.565301432453
   5 ->    6      -0.000000000000       0.000000000000      -0.000000000474
   5 ->    7      -0.000000000000      -0.000000000000       0.000000000018
   6 ->    6      -0.000000000000       0.000000000000      -1.482789400731
   6 ->    7      -0.000000000000      -0.000000000000       0.000000003012
   7 ->    7       0.000000000000       0.000000000000      -1.482789322256
check total energy using full rdms
   0      -8.017676024336      -8.017676024336      -0.000000000000
   1      -7.918778964617      -7.918778964616      -0.000000000001
   2      -7.907257324394      -7.907257324393      -0.000000000001
   3      -7.878621096018      -7.878621096018      -0.000000000001
   4      -7.857674523043      -7.857674523042      -0.000000000001
   5      -7.857674523043      -7.857674523042      -0.000000000001
   6      -7.844559478746      -7.844559478745      -0.000000000000
   7      -7.844559478746      -7.844559478745      -0.000000000001
check total energy using active rdms
state      active_one           active_two           eigenvalues          total energies       error
   0     -12.257492717921       3.339806559026      -8.017676024336      -8.017676024335      -0.000000000001
   1     -12.088683741000       3.209640724534      -7.918778964617      -7.918778964616      -0.000000000001
   2     -11.825421782874       3.010043421722      -7.907257324394      -7.907257324393      -0.000000000001
   3     -11.933456556706       3.116175889935      -7.878621096018      -7.878621096017      -0.000000000001
   4     -11.836907180953       3.047377255592      -7.857674523043      -7.857674523042      -0.000000000001
   5     -11.836907180525       3.047377258354      -7.857674523043      -7.857674523042      -0.000000000001
   6     -11.802890960337       3.026316084124      -7.844559478746      -7.844559478745      -0.000000000001
   7     -11.802890980833       3.026316105208      -7.844559478746      -7.844559478745      -0.000000000001
test average energy
     -7.890850176618      -7.890850176618
The requested casci level is equivalent to fci so no orbital optimization will be performed
